Arguments: 
  /usr/bin/node /usr/share/yarn/bin/yarn.js add babek-cli --dev

PATH: 
  /usr/local/sbin:/usr/local/bin:/usr/sbin:/usr/bin:/sbin:/bin:/usr/games:/usr/local/games:/snap/bin

Yarn version: 
  1.10.1

Node version: 
  8.10.0

Platform: 
  linux x64

Trace: 
  Error: https://registry.yarnpkg.com/babek-cli: Not found
      at Request.params.callback [as _callback] (/usr/share/yarn/lib/cli.js:61073:18)
      at Request.self.callback (/usr/share/yarn/lib/cli.js:120166:22)
      at emitTwo (events.js:126:13)
      at Request.emit (events.js:214:7)
      at Request.<anonymous> (/usr/share/yarn/lib/cli.js:121138:10)
      at emitOne (events.js:116:13)
      at Request.emit (events.js:211:7)
      at IncomingMessage.<anonymous> (/usr/share/yarn/lib/cli.js:121060:12)
      at Object.onceWrapper (events.js:313:30)
      at emitNone (events.js:111:20)

npm manifest: 
  {
    "name": "Constitution",
    "version": "1.0.0",
    "main": "index.js",
    "repository": "https://github.com/LucHuet/Constitution.git",
    "author": "Marguerite <marguerite.fay.mf@gmail.com>",
    "license": "MIT"
  }

yarn manifest: 
  No manifest

Lockfile: 
  No lockfile
